<?xml version="1.0" encoding="UTF-8"?>
<!-- Generated by org.testng.reporters.JUnitReportReporter -->
<testsuite hostname="apoorv" failures="0" tests="1" name="com.apoorv.testcases.LoginTest1" time="1.120" errors="0" timestamp="07 Jul 2022 12:34:38 GMT" skipped="1">
  <testcase classname="com.apoorv.testcases.LoginTest1" name="LoginTest" time="1.120">
    <skipped/>
  </testcase> <!-- LoginTest -->
</testsuite> <!-- com.apoorv.testcases.LoginTest1 -->
