<?xml version="1.0" encoding="UTF-8"?>
<!-- Generated by org.testng.reporters.JUnitReportReporter -->
<testsuite hostname="apoorv" failures="0" tests="1" name="com.apoorv.testcases.CreateAccountTest" time="17.507" errors="0" timestamp="09 Jul 2022 15:00:16 GMT" skipped="0">
  <testcase classname="com.apoorv.testcases.CreateAccountTest" name="createAccountTest" time="17.507"/>
</testsuite> <!-- com.apoorv.testcases.CreateAccountTest -->
