<?xml version="1.0" encoding="UTF-8"?>
<!-- Generated by org.testng.reporters.JUnitReportReporter -->
<testsuite hostname="apoorv" failures="0" tests="1" name="com.apoorv.testcases.CreateAccountTest" time="16.966" errors="0" timestamp="13 Jul 2022 10:09:39 GMT" skipped="0">
  <testcase classname="com.apoorv.testcases.CreateAccountTest" name="createAccountTest" time="16.966"/>
</testsuite> <!-- com.apoorv.testcases.CreateAccountTest -->
