<?xml version="1.0" encoding="UTF-8"?>
<!-- Generated by org.testng.reporters.JUnitReportReporter -->
<testsuite hostname="apoorv" failures="0" tests="1" name="com.apoorv.testcases.CreateAccountTest" time="13.459" errors="0" timestamp="09 Jul 2022 14:54:28 GMT" skipped="0">
  <testcase classname="com.apoorv.testcases.CreateAccountTest" name="createAccountTest" time="13.459"/>
</testsuite> <!-- com.apoorv.testcases.CreateAccountTest -->
