<?xml version="1.0" encoding="UTF-8"?>
<!-- Generated by org.testng.reporters.JUnitReportReporter -->
<testsuite hostname="apoorv" failures="0" tests="1" name="com.apoorv.testcases.CreateAccountTest" time="13.060" errors="0" timestamp="10 Jul 2022 06:01:11 GMT" skipped="0">
  <testcase classname="com.apoorv.testcases.CreateAccountTest" name="createAccountTest" time="13.060"/>
</testsuite> <!-- com.apoorv.testcases.CreateAccountTest -->
