<?xml version="1.0" encoding="UTF-8"?>
<!-- Generated by org.testng.reporters.JUnitReportReporter -->
<testsuite hostname="apoorv" failures="0" tests="1" name="com.apoorv.testcases.LoginTest" time="2.410" errors="0" timestamp="10 Jul 2022 06:01:11 GMT" skipped="0">
  <testcase classname="com.apoorv.testcases.LoginTest" name="loginTest" time="2.410"/>
</testsuite> <!-- com.apoorv.testcases.LoginTest -->
